<?xml version="1.0" encoding="UTF-8"?>
<coverage generated="1550181182046" clover="3.2.0">
  <project timestamp="1550181182047" name="All files">
    <metrics statements="21" coveredstatements="21" conditionals="17" coveredconditionals="17" methods="2" coveredmethods="2" elements="40" coveredelements="40" complexity="0" loc="21" ncloc="21" packages="1" files="2" classes="2"/>
    <file name="EvalIP_W3.js" path="C:\Users\Kenneth\Desktop\Ian\Work\Prismo\IP_Validation_JS\EvalIP_W3.js">
      <metrics statements="7" coveredstatements="7" conditionals="4" coveredconditionals="4" methods="1" coveredmethods="1"/>
      <line num="8" count="46" type="cond" truecount="2" falsecount="0"/>
      <line num="9" count="30" type="stmt"/>
      <line num="11" count="16" type="stmt"/>
      <line num="13" count="16" type="cond" truecount="2" falsecount="0"/>
      <line num="14" count="7" type="stmt"/>
      <line num="16" count="9" type="stmt"/>
      <line num="19" count="1" type="stmt"/>
    </file>
    <file name="ValidateIP.js" path="C:\Users\Kenneth\Desktop\Ian\Work\Prismo\IP_Validation_JS\ValidateIP.js">
      <metrics statements="14" coveredstatements="14" conditionals="13" coveredconditionals="13" methods="1" coveredmethods="1"/>
      <line num="6" count="1" type="stmt"/>
      <line num="8" count="46" type="cond" truecount="2" falsecount="0"/>
      <line num="9" count="30" type="stmt"/>
      <line num="10" count="16" type="cond" truecount="4" falsecount="0"/>
      <line num="11" count="6" type="stmt"/>
      <line num="13" count="10" type="stmt"/>
      <line num="15" count="10" type="cond" truecount="2" falsecount="0"/>
      <line num="16" count="1" type="stmt"/>
      <line num="18" count="9" type="stmt"/>
      <line num="20" count="33" type="stmt"/>
      <line num="21" count="33" type="cond" truecount="5" falsecount="0"/>
      <line num="22" count="2" type="stmt"/>
      <line num="24" count="7" type="stmt"/>
      <line num="27" count="1" type="stmt"/>
    </file>
  </project>
</coverage>
