{"C:\\Users\\Kenneth\\Desktop\\Ian\\Work\\Prismo\\IP_Validation_JS\\EvalIP_W3.js": {"path":"C:\\Users\\Kenneth\\Desktop\\Ian\\Work\\Prismo\\IP_Validation_JS\\EvalIP_W3.js","statementMap":{"0":{"start":{"line":8,"column":2},"end":{"line":9,"column":16}},"1":{"start":{"line":9,"column":3},"end":{"line":9,"column":16}},"2":{"start":{"line":11,"column":17},"end":{"line":11,"column":179}},"3":{"start":{"line":13,"column":2},"end":{"line":16,"column":16}},"4":{"start":{"line":14,"column":3},"end":{"line":14,"column":15}},"5":{"start":{"line":16,"column":3},"end":{"line":16,"column":16}},"6":{"start":{"line":19,"column":1},"end":{"line":19,"column":36}}},"fnMap":{"0":{"name":"ValidateIPaddress","decl":{"start":{"line":6,"column":9},"end":{"line":6,"column":26}},"loc":{"start":{"line":7,"column":1},"end":{"line":17,"column":2}},"line":7}},"branchMap":{"0":{"loc":{"start":{"line":8,"column":2},"end":{"line":9,"column":16}},"type":"if","locations":[{"start":{"line":8,"column":2},"end":{"line":9,"column":16}},{"start":{"line":8,"column":2},"end":{"line":9,"column":16}}],"line":8},"1":{"loc":{"start":{"line":13,"column":2},"end":{"line":16,"column":16}},"type":"if","locations":[{"start":{"line":13,"column":2},"end":{"line":16,"column":16}},{"start":{"line":13,"column":2},"end":{"line":16,"column":16}}],"line":13}},"s":{"0":46,"1":30,"2":16,"3":16,"4":7,"5":9,"6":1},"f":{"0":46},"b":{"0":[30,16],"1":[7,9]},"_coverageSchema":"43e27e138ebf9cfc5966b082cf9a028302ed4184","hash":"4d8d53370f17ed70ccc35a9eed533019094ebfbc"}
,"C:\\Users\\Kenneth\\Desktop\\Ian\\Work\\Prismo\\IP_Validation_JS\\ValidateIP.js": {"path":"C:\\Users\\Kenneth\\Desktop\\Ian\\Work\\Prismo\\IP_Validation_JS\\ValidateIP.js","statementMap":{"0":{"start":{"line":6,"column":17},"end":{"line":25,"column":1}},"1":{"start":{"line":8,"column":1},"end":{"line":9,"column":15}},"2":{"start":{"line":9,"column":2},"end":{"line":9,"column":15}},"3":{"start":{"line":10,"column":1},"end":{"line":11,"column":15}},"4":{"start":{"line":11,"column":2},"end":{"line":11,"column":15}},"5":{"start":{"line":13,"column":16},"end":{"line":13,"column":38}},"6":{"start":{"line":15,"column":1},"end":{"line":16,"column":15}},"7":{"start":{"line":16,"column":2},"end":{"line":16,"column":15}},"8":{"start":{"line":18,"column":1},"end":{"line":23,"column":2}},"9":{"start":{"line":18,"column":14},"end":{"line":18,"column":15}},"10":{"start":{"line":20,"column":12},"end":{"line":20,"column":37}},"11":{"start":{"line":21,"column":2},"end":{"line":22,"column":16}},"12":{"start":{"line":22,"column":3},"end":{"line":22,"column":16}},"13":{"start":{"line":24,"column":1},"end":{"line":24,"column":13}},"14":{"start":{"line":27,"column":0},"end":{"line":27,"column":28}}},"fnMap":{"0":{"name":"(anonymous_0)","decl":{"start":{"line":6,"column":17},"end":{"line":6,"column":18}},"loc":{"start":{"line":7,"column":0},"end":{"line":25,"column":1}},"line":7}},"branchMap":{"0":{"loc":{"start":{"line":8,"column":1},"end":{"line":9,"column":15}},"type":"if","locations":[{"start":{"line":8,"column":1},"end":{"line":9,"column":15}},{"start":{"line":8,"column":1},"end":{"line":9,"column":15}}],"line":8},"1":{"loc":{"start":{"line":10,"column":1},"end":{"line":11,"column":15}},"type":"if","locations":[{"start":{"line":10,"column":1},"end":{"line":11,"column":15}},{"start":{"line":10,"column":1},"end":{"line":11,"column":15}}],"line":10},"2":{"loc":{"start":{"line":10,"column":5},"end":{"line":10,"column":54}},"type":"binary-expr","locations":[{"start":{"line":10,"column":5},"end":{"line":10,"column":27}},{"start":{"line":10,"column":31},"end":{"line":10,"column":54}}],"line":10},"3":{"loc":{"start":{"line":15,"column":1},"end":{"line":16,"column":15}},"type":"if","locations":[{"start":{"line":15,"column":1},"end":{"line":16,"column":15}},{"start":{"line":15,"column":1},"end":{"line":16,"column":15}}],"line":15},"4":{"loc":{"start":{"line":21,"column":2},"end":{"line":22,"column":16}},"type":"if","locations":[{"start":{"line":21,"column":2},"end":{"line":22,"column":16}},{"start":{"line":21,"column":2},"end":{"line":22,"column":16}}],"line":21},"5":{"loc":{"start":{"line":21,"column":6},"end":{"line":21,"column":40}},"type":"binary-expr","locations":[{"start":{"line":21,"column":6},"end":{"line":21,"column":16}},{"start":{"line":21,"column":20},"end":{"line":21,"column":27}},{"start":{"line":21,"column":31},"end":{"line":21,"column":40}}],"line":21}},"s":{"0":1,"1":46,"2":30,"3":16,"4":6,"5":10,"6":10,"7":1,"8":9,"9":9,"10":33,"11":33,"12":2,"13":7,"14":1},"f":{"0":46},"b":{"0":[30,16],"1":[6,10],"2":[16,14],"3":[1,9],"4":[2,31],"5":[33,32,32]},"_coverageSchema":"43e27e138ebf9cfc5966b082cf9a028302ed4184","hash":"ed19c9bd18413fe58da82985ebef777938d4ed65"}
}
