{"C:\\Users\\Kenneth\\Desktop\\Ian\\Work\\Prismo\\IP_Validation_JS\\ValidateIP.js": {"path":"C:\\Users\\Kenneth\\Desktop\\Ian\\Work\\Prismo\\IP_Validation_JS\\ValidateIP.js","statementMap":{"0":{"start":{"line":6,"column":17},"end":{"line":33,"column":1}},"1":{"start":{"line":8,"column":1},"end":{"line":12,"column":2}},"2":{"start":{"line":10,"column":2},"end":{"line":10,"column":30}},"3":{"start":{"line":11,"column":2},"end":{"line":11,"column":15}},"4":{"start":{"line":14,"column":16},"end":{"line":14,"column":38}},"5":{"start":{"line":16,"column":1},"end":{"line":20,"column":2}},"6":{"start":{"line":18,"column":2},"end":{"line":18,"column":26}},"7":{"start":{"line":19,"column":2},"end":{"line":19,"column":15}},"8":{"start":{"line":22,"column":1},"end":{"line":30,"column":2}},"9":{"start":{"line":22,"column":14},"end":{"line":22,"column":15}},"10":{"start":{"line":24,"column":12},"end":{"line":24,"column":37}},"11":{"start":{"line":25,"column":2},"end":{"line":29,"column":3}},"12":{"start":{"line":27,"column":3},"end":{"line":27,"column":29}},"13":{"start":{"line":28,"column":3},"end":{"line":28,"column":16}},"14":{"start":{"line":31,"column":1},"end":{"line":31,"column":26}},"15":{"start":{"line":32,"column":1},"end":{"line":32,"column":13}},"16":{"start":{"line":35,"column":0},"end":{"line":35,"column":28}}},"fnMap":{"0":{"name":"(anonymous_0)","decl":{"start":{"line":6,"column":17},"end":{"line":6,"column":18}},"loc":{"start":{"line":7,"column":0},"end":{"line":33,"column":1}},"line":7}},"branchMap":{"0":{"loc":{"start":{"line":8,"column":1},"end":{"line":12,"column":2}},"type":"if","locations":[{"start":{"line":8,"column":1},"end":{"line":12,"column":2}},{"start":{"line":8,"column":1},"end":{"line":12,"column":2}}],"line":8},"1":{"loc":{"start":{"line":16,"column":1},"end":{"line":20,"column":2}},"type":"if","locations":[{"start":{"line":16,"column":1},"end":{"line":20,"column":2}},{"start":{"line":16,"column":1},"end":{"line":20,"column":2}}],"line":16},"2":{"loc":{"start":{"line":25,"column":2},"end":{"line":29,"column":3}},"type":"if","locations":[{"start":{"line":25,"column":2},"end":{"line":29,"column":3}},{"start":{"line":25,"column":2},"end":{"line":29,"column":3}}],"line":25},"3":{"loc":{"start":{"line":25,"column":6},"end":{"line":25,"column":40}},"type":"binary-expr","locations":[{"start":{"line":25,"column":6},"end":{"line":25,"column":16}},{"start":{"line":25,"column":20},"end":{"line":25,"column":27}},{"start":{"line":25,"column":31},"end":{"line":25,"column":40}}],"line":25}},"s":{"0":1,"1":46,"2":30,"3":30,"4":16,"5":16,"6":6,"7":6,"8":10,"9":10,"10":34,"11":34,"12":3,"13":3,"14":7,"15":7,"16":1},"f":{"0":46},"b":{"0":[30,16],"1":[6,10],"2":[3,31],"3":[34,32,32]},"_coverageSchema":"43e27e138ebf9cfc5966b082cf9a028302ed4184","hash":"255560dc6c051da301a71888aa59982da57ddeaf"}
}
