TN:
SF:C:\Users\Kenneth\Desktop\Ian\Work\Prismo\IP_Validation_JS\EvalIP_W3.js
FN:6,ValidateIPaddress
FNF:1
FNH:1
FNDA:46,ValidateIPaddress
DA:8,46
DA:9,30
DA:11,16
DA:13,16
DA:14,7
DA:16,9
DA:19,1
LF:7
LH:7
BRDA:8,0,0,30
BRDA:8,0,1,16
BRDA:13,1,0,7
BRDA:13,1,1,9
BRF:4
BRH:4
end_of_record
TN:
SF:C:\Users\Kenneth\Desktop\Ian\Work\Prismo\IP_Validation_JS\ValidateIP.js
FN:6,(anonymous_0)
FNF:1
FNH:1
FNDA:46,(anonymous_0)
DA:6,1
DA:8,46
DA:9,30
DA:10,16
DA:11,6
DA:13,10
DA:15,10
DA:16,1
DA:18,9
DA:20,33
DA:21,33
DA:22,2
DA:24,7
DA:27,1
LF:14
LH:14
BRDA:8,0,0,30
BRDA:8,0,1,16
BRDA:10,1,0,6
BRDA:10,1,1,10
BRDA:10,2,0,16
BRDA:10,2,1,14
BRDA:15,3,0,1
BRDA:15,3,1,9
BRDA:21,4,0,2
BRDA:21,4,1,31
BRDA:21,5,0,33
BRDA:21,5,1,32
BRDA:21,5,2,32
BRF:13
BRH:13
end_of_record
